<?xml version="1.0" encoding="UTF-8"?>
<!-- Generated by org.testng.reporters.JUnitXMLReporter -->
<testsuite ignored="3" hostname="LAPTOP-DS7R3C8O" failures="1" tests="1" name="MobileEcommerceTesting" time="16.439" errors="0" timestamp="2024-10-13T16:25:23 IST">
  <testcase classname="org.MobileFrameworkTest.MobileEcommerceTest" name="fillForm" time="5.138">
    <failure type="java.lang.IllegalArgumentException" message="Keys to send should be a not null CharSequence">
      <![CDATA[java.lang.IllegalArgumentException: Keys to send should be a not null CharSequence
at org.openqa.selenium.remote.RemoteWebElement.sendKeys(RemoteWebElement.java:96)
at io.appium.java_client.pagefactory.ElementInterceptor.getObject(ElementInterceptor.java:42)
at io.appium.java_client.pagefactory.interceptors.InterceptorOfASingleElement.call(InterceptorOfASingleElement.java:79)
at io.appium.java_client.proxy.Interceptor.intercept(Interceptor.java:78)
at org.openqa.selenium.remote.RemoteWebElement$ByteBuddy$Kj0zjw23.sendKeys(Unknown Source)
at org.MobileFrameworkTest.PageObject.Android.FormPage.enterName(FormPage.java:40)
at org.MobileFrameworkTest.MobileEcommerceTest.fillForm(MobileEcommerceTest.java:38)
at java.base/java.util.ArrayList.forEach(ArrayList.java:1597)
... Removed 27 stack frames]]>
    </failure>
  </testcase> <!-- fillForm -->
  <testcase classname="org.MobileFrameworkTest.MobileEcommerceTest" name="sumOfTwoProductsAddedToCart" time="0.0">
    <ignored/>
  </testcase> <!-- sumOfTwoProductsAddedToCart -->
  <testcase classname="org.MobileFrameworkTest.MobileEcommerceTest" name="mobileGestures" time="0.0">
    <ignored/>
  </testcase> <!-- mobileGestures -->
  <testcase classname="org.MobileFrameworkTest.MobileEcommerceTest" name="validateFillFormWithToastMessage" time="0.0">
    <ignored/>
  </testcase> <!-- validateFillFormWithToastMessage -->
</testsuite> <!-- MobileEcommerceTesting -->
